<?xml version="1.0" encoding="UTF-8"?>
<robot generator="Robot 7.2.2 (Python 3.13.3 on win32)" generated="2025-05-01T16:54:36.675717" rpa="false" schemaversion="5">
<suite id="s1" name="Product Page Test" source="D:\Repo\RPA_Automation\test\product_page_test.robot">
<test id="s1-t1" name="Search Product" line="21">
<kw name="Open Application" owner="common_keywords" type="SETUP">
<kw name="Open Browser" owner="SeleniumLibrary">
<msg time="2025-05-01T16:54:37.087516" level="INFO">Opening browser 'chrome' to base url 'https://watchtronics-123.netlify.app/'.</msg>
<arg>${URL}</arg>
<arg>${BROWSER}</arg>
<doc>Opens a new browser instance to the optional ``url``.</doc>
<status status="PASS" start="2025-05-01T16:54:37.087292" elapsed="2.455238"/>
</kw>
<kw name="Maximize Browser Window" owner="SeleniumLibrary">
<doc>Maximizes current browser window.</doc>
<status status="PASS" start="2025-05-01T16:54:39.543030" elapsed="0.041234"/>
</kw>
<status status="PASS" start="2025-05-01T16:54:37.086645" elapsed="2.498187"/>
</kw>
<kw name="Verify Home Page Loaded" owner="home_page">
<kw name="Verify Page Title" owner="base_page">
<kw name="Title Should Be" owner="SeleniumLibrary">
<msg time="2025-05-01T16:54:39.599094" level="INFO">Page title is 'React App'.</msg>
<arg>${expected_title}</arg>
<doc>Verifies that the current page title equals ``title``.</doc>
<status status="PASS" start="2025-05-01T16:54:39.587962" elapsed="0.011271"/>
</kw>
<arg>${HOME_PAGE_TITLE}</arg>
<status status="PASS" start="2025-05-01T16:54:39.586825" elapsed="0.012561"/>
</kw>
<status status="PASS" start="2025-05-01T16:54:39.585886" elapsed="0.013603"/>
</kw>
<kw name="Click Shop Now" owner="home_page">
<kw name="Wait Until Element Is Visible" owner="SeleniumLibrary">
<arg>${SHOP_NOW_BUTTON}</arg>
<doc>Waits until the element ``locator`` is visible.</doc>
<status status="PASS" start="2025-05-01T16:54:39.600339" elapsed="0.049318"/>
</kw>
<kw name="Click Element" owner="SeleniumLibrary">
<msg time="2025-05-01T16:54:39.651346" level="INFO">Clicking element 'xpath=//button[text()='Shop now']'.</msg>
<arg>${SHOP_NOW_BUTTON}</arg>
<doc>Click the element identified by ``locator``.</doc>
<status status="PASS" start="2025-05-01T16:54:39.650353" elapsed="0.156338"/>
</kw>
<status status="PASS" start="2025-05-01T16:54:39.599951" elapsed="0.206998"/>
</kw>
<kw name="Verify Product Page Loaded" owner="product_page">
<kw name="Wait Until Element Is Visible" owner="SeleniumLibrary">
<arg>${PRODUCT_LIST_CONTAINER}</arg>
<arg>timeout=${WAIT_TIMEOUT}</arg>
<doc>Waits until the element ``locator`` is visible.</doc>
<status status="PASS" start="2025-05-01T16:54:39.807895" elapsed="0.246771"/>
</kw>
<status status="PASS" start="2025-05-01T16:54:39.807474" elapsed="0.247331"/>
</kw>
<kw name="Verify Product Search Bar Is Loaded" owner="product_page">
<kw name="Wait Until Element Is Visible" owner="SeleniumLibrary">
<arg>${Product_Search_Bar}</arg>
<arg>timeout=${WAIT_TIMEOUT}</arg>
<doc>Waits until the element ``locator`` is visible.</doc>
<status status="PASS" start="2025-05-01T16:54:40.056099" elapsed="0.028689"/>
</kw>
<status status="PASS" start="2025-05-01T16:54:40.055616" elapsed="0.029384"/>
</kw>
<kw name="Search For Product" owner="product_page">
<kw name="Input Text" owner="SeleniumLibrary">
<msg time="2025-05-01T16:54:40.086684" level="INFO">Typing text 'boat' into text field 'xpath=//input[@type='text']'.</msg>
<arg>${Product_Search_Bar}</arg>
<arg>${Search_Term}</arg>
<doc>Types the given ``text`` into the text field identified by ``locator``.</doc>
<status status="PASS" start="2025-05-01T16:54:40.086222" elapsed="0.146303"/>
</kw>
<arg>${Search_Term}</arg>
<status status="PASS" start="2025-05-01T16:54:40.085539" elapsed="0.147263"/>
</kw>
<kw name="Verify Searched Product" owner="product_page">
<kw name="Get Text" owner="SeleniumLibrary">
<msg time="2025-05-01T16:54:40.263257" level="INFO">${Actual_Title} = boAt</msg>
<var>${Actual_Title}</var>
<arg>${Searched_Element_Title}</arg>
<doc>Returns the text value of the element identified by ``locator``.</doc>
<status status="PASS" start="2025-05-01T16:54:40.234664" elapsed="0.028691"/>
</kw>
<kw name="Convert To Lower Case" owner="String">
<msg time="2025-05-01T16:54:40.263833" level="INFO">${search_Term} = boat</msg>
<var>${search_Term}</var>
<arg>${search_Term}</arg>
<doc>Converts string to lower case.</doc>
<status status="PASS" start="2025-05-01T16:54:40.263563" elapsed="0.000305"/>
</kw>
<kw name="Convert To Lower Case" owner="String">
<msg time="2025-05-01T16:54:40.264289" level="INFO">${Actual_Title} = boat</msg>
<var>${Actual_Title}</var>
<arg>${Actual_Title}</arg>
<doc>Converts string to lower case.</doc>
<status status="PASS" start="2025-05-01T16:54:40.264012" elapsed="0.000334"/>
</kw>
<kw name="Should Be Equal As Strings" owner="BuiltIn">
<arg>${Actual_Title}</arg>
<arg>${search_Term}</arg>
<doc>Fails if objects are unequal after converting them to strings.</doc>
<status status="PASS" start="2025-05-01T16:54:40.264489" elapsed="0.000272"/>
</kw>
<arg>${Search_Term}</arg>
<status status="PASS" start="2025-05-01T16:54:40.233898" elapsed="0.030975"/>
</kw>
<kw name="Sleep" owner="BuiltIn">
<msg time="2025-05-01T16:54:42.265631" level="INFO">Slept 2 seconds.</msg>
<arg>2s</arg>
<doc>Pauses the test executed for the given time.</doc>
<status status="PASS" start="2025-05-01T16:54:40.265290" elapsed="2.000503"/>
</kw>
<kw name="Close Application" owner="common_keywords" type="TEARDOWN">
<kw name="Close Browser" owner="SeleniumLibrary">
<doc>Closes the current browser.</doc>
<status status="PASS" start="2025-05-01T16:54:42.266755" elapsed="2.181809"/>
</kw>
<status status="PASS" start="2025-05-01T16:54:42.266411" elapsed="2.182540"/>
</kw>
<status status="PASS" start="2025-05-01T16:54:37.085906" elapsed="7.364253"/>
</test>
<doc>Tests for the home page functionality</doc>
<status status="PASS" start="2025-05-01T16:54:36.676962" elapsed="7.776481"/>
</suite>
<statistics>
<total>
<stat pass="1" fail="0" skip="0">All Tests</stat>
</total>
<tag>
</tag>
<suite>
<stat name="Product Page Test" id="s1" pass="1" fail="0" skip="0">Product Page Test</stat>
</suite>
</statistics>
<errors>
</errors>
</robot>
